ERROR - 2023-11-26 00:49:14 --> Error connecting to the database: mysqli_sql_exception: Access denied for user 'root'@'localhost' (using password: NO) in D:\Masso13\Arquivos\Programação\GitHub\Trabalho-Final-ADS107\system\Database\MySQLi\Connection.php:184
Stack trace:
#0 D:\Masso13\Arquivos\Programação\GitHub\Trabalho-Final-ADS107\system\Database\MySQLi\Connection.php(184): mysqli->real_connect('localhost', 'root', Object(SensitiveParameterValue), 'c2adsgrupo02', 3306, '', 0)
#1 D:\Masso13\Arquivos\Programação\GitHub\Trabalho-Final-ADS107\system\Database\BaseConnection.php(392): CodeIgniter\Database\MySQLi\Connection->connect(false)
#2 D:\Masso13\Arquivos\Programação\GitHub\Trabalho-Final-ADS107\system\Database\BaseConnection.php(575): CodeIgniter\Database\BaseConnection->initialize()
#3 D:\Masso13\Arquivos\Programação\GitHub\Trabalho-Final-ADS107\system\Database\BaseBuilder.php(1615): CodeIgniter\Database\BaseConnection->query('SELECT *\nFROM `...', Array, false)
#4 D:\Masso13\Arquivos\Programação\GitHub\Trabalho-Final-ADS107\system\Model.php(196): CodeIgniter\Database\BaseBuilder->get()
#5 D:\Masso13\Arquivos\Programação\GitHub\Trabalho-Final-ADS107\system\BaseModel.php(563): CodeIgniter\Model->doFind(true, 'H')
#6 D:\Masso13\Arquivos\Programação\GitHub\Trabalho-Final-ADS107\app\Controllers\Home.php(19): CodeIgniter\BaseModel->find('H')
#7 D:\Masso13\Arquivos\Programação\GitHub\Trabalho-Final-ADS107\system\CodeIgniter.php(942): App\Controllers\Home->bloco('blocoH')
#8 D:\Masso13\Arquivos\Programação\GitHub\Trabalho-Final-ADS107\system\CodeIgniter.php(502): CodeIgniter\CodeIgniter->runController(Object(App\Controllers\Home))
#9 D:\Masso13\Arquivos\Programação\GitHub\Trabalho-Final-ADS107\system\CodeIgniter.php(361): CodeIgniter\CodeIgniter->handleRequest(NULL, Object(Config\Cache), false)
#10 D:\Masso13\Arquivos\Programação\GitHub\Trabalho-Final-ADS107\public\index.php(79): CodeIgniter\CodeIgniter->run()
#11 D:\Masso13\Arquivos\Programação\GitHub\Trabalho-Final-ADS107\system\Commands\Server\rewrite.php(47): require_once('D:\\Masso13\\Arqu...')
#12 {main}

Next CodeIgniter\Database\Exceptions\DatabaseException: Access denied for user '****'@'localhost' (using password: NO) in D:\Masso13\Arquivos\Programação\GitHub\Trabalho-Final-ADS107\system\Database\MySQLi\Connection.php:229
Stack trace:
#0 D:\Masso13\Arquivos\Programação\GitHub\Trabalho-Final-ADS107\system\Database\BaseConnection.php(392): CodeIgniter\Database\MySQLi\Connection->connect(false)
#1 D:\Masso13\Arquivos\Programação\GitHub\Trabalho-Final-ADS107\system\Database\BaseConnection.php(575): CodeIgniter\Database\BaseConnection->initialize()
#2 D:\Masso13\Arquivos\Programação\GitHub\Trabalho-Final-ADS107\system\Database\BaseBuilder.php(1615): CodeIgniter\Database\BaseConnection->query('SELECT *\nFROM `...', Array, false)
#3 D:\Masso13\Arquivos\Programação\GitHub\Trabalho-Final-ADS107\system\Model.php(196): CodeIgniter\Database\BaseBuilder->get()
#4 D:\Masso13\Arquivos\Programação\GitHub\Trabalho-Final-ADS107\system\BaseModel.php(563): CodeIgniter\Model->doFind(true, 'H')
#5 D:\Masso13\Arquivos\Programação\GitHub\Trabalho-Final-ADS107\app\Controllers\Home.php(19): CodeIgniter\BaseModel->find('H')
#6 D:\Masso13\Arquivos\Programação\GitHub\Trabalho-Final-ADS107\system\CodeIgniter.php(942): App\Controllers\Home->bloco('blocoH')
#7 D:\Masso13\Arquivos\Programação\GitHub\Trabalho-Final-ADS107\system\CodeIgniter.php(502): CodeIgniter\CodeIgniter->runController(Object(App\Controllers\Home))
#8 D:\Masso13\Arquivos\Programação\GitHub\Trabalho-Final-ADS107\system\CodeIgniter.php(361): CodeIgniter\CodeIgniter->handleRequest(NULL, Object(Config\Cache), false)
#9 D:\Masso13\Arquivos\Programação\GitHub\Trabalho-Final-ADS107\public\index.php(79): CodeIgniter\CodeIgniter->run()
#10 D:\Masso13\Arquivos\Programação\GitHub\Trabalho-Final-ADS107\system\Commands\Server\rewrite.php(47): require_once('D:\\Masso13\\Arqu...')
#11 {main}
CRITICAL - 2023-11-26 00:49:14 --> Unable to connect to the database.
Main connection [MySQLi]: Access denied for user '****'@'localhost' (using password: NO)
in SYSTEMPATH\Database\BaseConnection.php on line 428.
 1 SYSTEMPATH\Database\BaseConnection.php(575): CodeIgniter\Database\BaseConnection->initialize()
 2 SYSTEMPATH\Database\BaseBuilder.php(1615): CodeIgniter\Database\BaseConnection->query('SELECT *
FROM `bloco`
WHERE `bloco`.`id_bloco` = :bloco.id_bloco:', [...], false)
 3 SYSTEMPATH\Model.php(196): CodeIgniter\Database\BaseBuilder->get()
 4 SYSTEMPATH\BaseModel.php(563): CodeIgniter\Model->doFind(true, 'H')
 5 APPPATH\Controllers\Home.php(19): CodeIgniter\BaseModel->find('H')
 6 SYSTEMPATH\CodeIgniter.php(942): App\Controllers\Home->bloco('blocoH')
 7 SYSTEMPATH\CodeIgniter.php(502): CodeIgniter\CodeIgniter->runController(Object(App\Controllers\Home))
 8 SYSTEMPATH\CodeIgniter.php(361): CodeIgniter\CodeIgniter->handleRequest(null, Object(Config\Cache), false)
 9 FCPATH\index.php(79): CodeIgniter\CodeIgniter->run()
10 SYSTEMPATH\Commands\Server\rewrite.php(47): require_once('D:\\Masso13\\Arquivos\\Programação\\GitHub\\Trabalho-Final-ADS107\\public\\index.php')
